<?xml version="1.0" encoding="UTF-8"?>
<testsuite name="dungeonmania.TheOneRingTest" tests="3" skipped="0" failures="0" errors="0" timestamp="2021-11-14T12:41:51" hostname="DESKTOP-C1T19SJ" time="0.008">
  <properties/>
  <testcase name="useTheOneRingTest()" classname="dungeonmania.TheOneRingTest" time="0.003"/>
  <testcase name="oneTheOneRingGetCollectedTest()" classname="dungeonmania.TheOneRingTest" time="0.002"/>
  <testcase name="mulitpleTheOneRingsGetCollectedTest()" classname="dungeonmania.TheOneRingTest" time="0.003"/>
  <system-out><![CDATA[]]></system-out>
  <system-err><![CDATA[]]></system-err>
</testsuite>
