<?xml version="1.0" encoding="UTF-8"?>
<testsuite name="dungeonmania.MiscTest" tests="1" skipped="0" failures="0" errors="0" timestamp="2021-11-14T12:41:51" hostname="DESKTOP-C1T19SJ" time="0.004">
  <properties/>
  <testcase name="testDungeons()" classname="dungeonmania.MiscTest" time="0.004"/>
  <system-out><![CDATA[]]></system-out>
  <system-err><![CDATA[]]></system-err>
</testsuite>
