<?xml version="1.0" encoding="UTF-8"?>
<testsuite name="dungeonmania.ArrowsTest" tests="2" skipped="0" failures="0" errors="0" timestamp="2021-11-14T12:41:50" hostname="DESKTOP-C1T19SJ" time="0.008">
  <properties/>
  <testcase name="mulitpleArrowsGetCollectedTest()" classname="dungeonmania.ArrowsTest" time="0.004"/>
  <testcase name="oneArrowGetCollectedTest()" classname="dungeonmania.ArrowsTest" time="0.004"/>
  <system-out><![CDATA[]]></system-out>
  <system-err><![CDATA[]]></system-err>
</testsuite>
