<?xml version="1.0" encoding="UTF-8"?>
<testsuite name="dungeonmania.BombTest" tests="4" skipped="0" failures="0" errors="0" timestamp="2021-11-14T12:41:50" hostname="DESKTOP-C1T19SJ" time="0.023">
  <properties/>
  <testcase name="testBombPlaceNearActiveSwitch()" classname="dungeonmania.BombTest" time="0.01"/>
  <testcase name="testBombCannotPickupOncePlaced()" classname="dungeonmania.BombTest" time="0.004"/>
  <testcase name="testBombNormal()" classname="dungeonmania.BombTest" time="0.004"/>
  <testcase name="testBombNoAdjacentSwitch()" classname="dungeonmania.BombTest" time="0.004"/>
  <system-out><![CDATA[]]></system-out>
  <system-err><![CDATA[]]></system-err>
</testsuite>
