<?xml version="1.0" encoding="UTF-8"?>
<testsuite name="dungeonmania.SwordTest" tests="2" skipped="0" failures="0" errors="0" timestamp="2021-11-14T12:41:51" hostname="DESKTOP-C1T19SJ" time="0.005">
  <properties/>
  <testcase name="oneSwordGetCollectedTest()" classname="dungeonmania.SwordTest" time="0.002"/>
  <testcase name="mulitpleSwordsGetCollectedTest()" classname="dungeonmania.SwordTest" time="0.003"/>
  <system-out><![CDATA[]]></system-out>
  <system-err><![CDATA[]]></system-err>
</testsuite>
