<?xml version="1.0" encoding="UTF-8"?>
<testsuite name="dungeonmania.ArmourTest" tests="3" skipped="0" failures="0" errors="0" timestamp="2021-11-14T12:41:50" hostname="DESKTOP-C1T19SJ" time="0.016">
  <properties/>
  <testcase name="oneArmourGetCollectedTest()" classname="dungeonmania.ArmourTest" time="0.004"/>
  <testcase name="armourDurabilityTest()" classname="dungeonmania.ArmourTest" time="0.007"/>
  <testcase name="mulitpleArmoursGetCollectedTest()" classname="dungeonmania.ArmourTest" time="0.005"/>
  <system-out><![CDATA[]]></system-out>
  <system-err><![CDATA[]]></system-err>
</testsuite>
