<?xml version="1.0" encoding="UTF-8"?>
<testsuite name="dungeonmania.SunStoneTest" tests="4" skipped="0" failures="0" errors="0" timestamp="2021-11-14T12:41:51" hostname="DESKTOP-C1T19SJ" time="0.011">
  <properties/>
  <testcase name="testUseSunStoneOpenDoors()" classname="dungeonmania.SunStoneTest" time="0.003"/>
  <testcase name="testUseSunStoneInterChangeTreasure()" classname="dungeonmania.SunStoneTest" time="0.003"/>
  <testcase name="testMultipleSunStoneGetCollected()" classname="dungeonmania.SunStoneTest" time="0.003"/>
  <testcase name="testOneSunStoneGetCollected()" classname="dungeonmania.SunStoneTest" time="0.002"/>
  <system-out><![CDATA[]]></system-out>
  <system-err><![CDATA[]]></system-err>
</testsuite>
