<?xml version="1.0" encoding="UTF-8"?>
<testsuite name="dungeonmania.WoodTest" tests="2" skipped="0" failures="0" errors="0" timestamp="2021-11-14T12:41:51" hostname="DESKTOP-C1T19SJ" time="0.004">
  <properties/>
  <testcase name="multipleWoodsGetCollectedTest()" classname="dungeonmania.WoodTest" time="0.002"/>
  <testcase name="oneWoodGetCollectedTest()" classname="dungeonmania.WoodTest" time="0.002"/>
  <system-out><![CDATA[]]></system-out>
  <system-err><![CDATA[]]></system-err>
</testsuite>
