<?xml version="1.0" encoding="UTF-8"?>
<testsuite name="dungeonmania.PrimsAlgorithmTest" tests="2" skipped="0" failures="0" errors="0" timestamp="2021-11-14T12:41:51" hostname="DESKTOP-C1T19SJ" time="0.117">
  <properties/>
  <testcase name="checkAllPathsConnected()" classname="dungeonmania.PrimsAlgorithmTest" time="0.072"/>
  <testcase name="checkExitPathExists()" classname="dungeonmania.PrimsAlgorithmTest" time="0.044"/>
  <system-out><![CDATA[]]></system-out>
  <system-err><![CDATA[]]></system-err>
</testsuite>
