<?xml version="1.0" encoding="UTF-8"?>
<testsuite name="dungeonmania.HealthPotionTest" tests="3" skipped="0" failures="0" errors="0" timestamp="2021-11-14T12:41:51" hostname="DESKTOP-C1T19SJ" time="0.008">
  <properties/>
  <testcase name="multipleHealthPotionsGetCollectedTest()" classname="dungeonmania.HealthPotionTest" time="0.003"/>
  <testcase name="oneHealthPotionGetCollectedTest()" classname="dungeonmania.HealthPotionTest" time="0.002"/>
  <testcase name="useHealthPotionTest()" classname="dungeonmania.HealthPotionTest" time="0.002"/>
  <system-out><![CDATA[]]></system-out>
  <system-err><![CDATA[]]></system-err>
</testsuite>
