<?xml version="1.0" encoding="UTF-8"?>
<testsuite name="dungeonmania.MercenaryInteractionTest" tests="3" skipped="0" failures="0" errors="0" timestamp="2021-11-14T12:41:51" hostname="DESKTOP-C1T19SJ" time="0.013">
  <properties/>
  <testcase name="testMercenaryBribeOutOfRange()" classname="dungeonmania.MercenaryInteractionTest" time="0.003"/>
  <testcase name="testMercenaryBribeWithoutCoin()" classname="dungeonmania.MercenaryInteractionTest" time="0.005"/>
  <testcase name="testMercenaryBribeWithCoin()" classname="dungeonmania.MercenaryInteractionTest" time="0.003"/>
  <system-out><![CDATA[]]></system-out>
  <system-err><![CDATA[]]></system-err>
</testsuite>
