<?xml version="1.0" encoding="UTF-8"?>
<testsuite name="dungeonmania.AndurilTest" tests="6" skipped="0" failures="0" errors="0" timestamp="2021-11-14T12:41:49" hostname="DESKTOP-C1T19SJ" time="0.191">
  <properties/>
  <testcase name="testUseAndurilwithSwordKillHydra()" classname="dungeonmania.AndurilTest" time="0.141"/>
  <testcase name="testMultipleAndurilsGetCollected()" classname="dungeonmania.AndurilTest" time="0.014"/>
  <testcase name="testUseAndurilOnlyKillAssassin()" classname="dungeonmania.AndurilTest" time="0.014"/>
  <testcase name="testUseAndurilOnlyKillHydra()" classname="dungeonmania.AndurilTest" time="0.006"/>
  <testcase name="testOneAndurilGetCollected()" classname="dungeonmania.AndurilTest" time="0.004"/>
  <testcase name="testUseAndurilwithSwordKillAssassin()" classname="dungeonmania.AndurilTest" time="0.011"/>
  <system-out><![CDATA[]]></system-out>
  <system-err><![CDATA[]]></system-err>
</testsuite>
