<?xml version="1.0" encoding="UTF-8"?>
<testsuite name="dungeonmania.KeyDoorTest" tests="4" skipped="0" failures="0" errors="0" timestamp="2021-11-14T12:41:51" hostname="DESKTOP-C1T19SJ" time="0.01">
  <properties/>
  <testcase name="testTwoDoorsRightKeys()" classname="dungeonmania.KeyDoorTest" time="0.003"/>
  <testcase name="testDoorUnlockedWithKey()" classname="dungeonmania.KeyDoorTest" time="0.002"/>
  <testcase name="testDoorLockedNoKey()" classname="dungeonmania.KeyDoorTest" time="0.002"/>
  <testcase name="testDoorWrongKey()" classname="dungeonmania.KeyDoorTest" time="0.002"/>
  <system-out><![CDATA[]]></system-out>
  <system-err><![CDATA[]]></system-err>
</testsuite>
