<?xml version="1.0" encoding="UTF-8"?>
<testsuite name="dungeonmania.BoulderTest" tests="4" skipped="0" failures="0" errors="0" timestamp="2021-11-14T12:41:50" hostname="DESKTOP-C1T19SJ" time="0.019">
  <properties/>
  <testcase name="moveBoulder()" classname="dungeonmania.BoulderTest" time="0.004"/>
  <testcase name="moveBoulderIntoOtherEntitiesGroup1()" classname="dungeonmania.BoulderTest" time="0.006"/>
  <testcase name="moveBoulderIntoOtherEntitiesGroup2()" classname="dungeonmania.BoulderTest" time="0.003"/>
  <testcase name="moveTwoBoulders()" classname="dungeonmania.BoulderTest" time="0.005"/>
  <system-out><![CDATA[]]></system-out>
  <system-err><![CDATA[]]></system-err>
</testsuite>
