<?xml version="1.0" encoding="UTF-8"?>
<testsuite name="dungeonmania.SpiderSpawnTest" tests="4" skipped="0" failures="0" errors="0" timestamp="2021-11-14T12:41:51" hostname="DESKTOP-C1T19SJ" time="0.022">
  <properties/>
  <testcase name="testSpiderSpawnAfterVacantPosition()" classname="dungeonmania.SpiderSpawnTest" time="0.011"/>
  <testcase name="testSpiderNoRoom()" classname="dungeonmania.SpiderSpawnTest" time="0.003"/>
  <testcase name="testSpiderNormalSpawn()" classname="dungeonmania.SpiderSpawnTest" time="0.002"/>
  <testcase name="testSpiderMaxLimit()" classname="dungeonmania.SpiderSpawnTest" time="0.004"/>
  <system-out><![CDATA[]]></system-out>
  <system-err><![CDATA[]]></system-err>
</testsuite>
