<?xml version="1.0" encoding="UTF-8"?>
<testsuite name="dungeonmania.BossTest" tests="7" skipped="0" failures="0" errors="0" timestamp="2021-11-14T12:41:50" hostname="DESKTOP-C1T19SJ" time="0.115">
  <properties/>
  <testcase name="testAssassinBribeNoRing()" classname="dungeonmania.BossTest" time="0.007"/>
  <testcase name="testHydraSpawnOnHard()" classname="dungeonmania.BossTest" time="0.006"/>
  <testcase name="testHydraSpawnOnStandard()" classname="dungeonmania.BossTest" time="0.005"/>
  <testcase name="testAssassinBribe()" classname="dungeonmania.BossTest" time="0.007"/>
  <testcase name="testAssassinSpawn()" classname="dungeonmania.BossTest" time="0.074"/>
  <testcase name="testAssassinBattle()" classname="dungeonmania.BossTest" time="0.008"/>
  <testcase name="testHydraBattle()" classname="dungeonmania.BossTest" time="0.006"/>
  <system-out><![CDATA[]]></system-out>
  <system-err><![CDATA[]]></system-err>
</testsuite>
